<?xml version="1.0" encoding="UTF-8"?>
<!-- Generated by org.testng.reporters.JUnitReportReporter -->
<testsuite hostname="LAPTOP-5C9UPPKF" failures="0" tests="1" name="ProjectFrameworkTestNG.SignUpTestCase" time="10.344" errors="0" timestamp="2022-08-31T07:06:46 IST" skipped="0">
  <testcase classname="ProjectFrameworkTestNG.SignUpTestCase" name="SingUpPage" time="10.344"/>
  <system-out/>
</testsuite> <!-- ProjectFrameworkTestNG.SignUpTestCase -->
