<?xml version="1.0" encoding="UTF-8"?>
<!-- Generated by org.testng.reporters.JUnitReportReporter -->
<testsuite hostname="LAPTOP-5C9UPPKF" failures="0" tests="1" name="ProjectFrameworkTestNG.VerifyNewTestCase" time="6.487" errors="0" timestamp="2022-08-27T18:57:30 IST" skipped="0">
  <testcase classname="ProjectFrameworkTestNG.VerifyNewTestCase" name="LoginPage" time="6.487"/>
  <system-out/>
</testsuite> <!-- ProjectFrameworkTestNG.VerifyNewTestCase -->
