<?xml version="1.0" encoding="UTF-8"?>
<!-- Generated by org.testng.reporters.JUnitReportReporter -->
<testsuite hostname="LAPTOP-5C9UPPKF" failures="0" tests="1" name="FullPageObjectModel.CommonUtilities" time="0.009" errors="0" timestamp="2022-08-29T20:04:51 IST" skipped="0">
  <testcase classname="FullPageObjectModel.CommonUtilities" name="Method1" time="0.009"/>
  <system-out/>
</testsuite> <!-- FullPageObjectModel.CommonUtilities -->
